Connecting to database specified by database.yml
Connecting to database specified by database.yml
Connecting to database specified by database.yml
Connecting to database specified by database.yml
Connecting to database specified by database.yml
Connecting to database specified by database.yml
Connecting to database specified by database.yml
Connecting to database specified by database.yml
Connecting to database specified by database.yml
Connecting to database specified by database.yml
  [1m[36m (88.4ms)[0m  [1mCREATE TABLE "schema_migrations" ("version" character varying(255) NOT NULL) [0m
  [1m[35m (11.8ms)[0m  CREATE UNIQUE INDEX "unique_schema_migrations" ON "schema_migrations" ("version")
  [1m[36m (0.7ms)[0m  [1mSELECT "schema_migrations"."version" FROM "schema_migrations" [0m
Migrating to CreateUsersTable (20140113201536)
  [1m[35m (0.1ms)[0m  BEGIN
  [1m[36m (88.2ms)[0m  [1mCREATE TABLE "users" ("id" serial primary key, "name" character varying(255), "password" character varying(255), "age" integer, "location" character varying(255), "picture" character varying(255), "contact" character varying(255), "role" character varying(255), "created_at" timestamp NOT NULL, "updated_at" timestamp NOT NULL) [0m
  [1m[35m (0.4ms)[0m  INSERT INTO "schema_migrations" ("version") VALUES ('20140113201536')
  [1m[36m (0.5ms)[0m  [1mCOMMIT[0m
Migrating to AddDeviseToUsers (20140113204402)
  [1m[35m (0.2ms)[0m  BEGIN
  [1m[36m (100.9ms)[0m  [1mALTER TABLE "users" ADD COLUMN "email" character varying(255) DEFAULT '' NOT NULL[0m
  [1m[35m (4.4ms)[0m  ALTER TABLE "users" ADD COLUMN "encrypted_password" character varying(255) DEFAULT '' NOT NULL
  [1m[36m (0.4ms)[0m  [1mALTER TABLE "users" ADD COLUMN "reset_password_token" character varying(255)[0m
  [1m[35m (0.3ms)[0m  ALTER TABLE "users" ADD COLUMN "reset_password_sent_at" timestamp
  [1m[36m (0.2ms)[0m  [1mALTER TABLE "users" ADD COLUMN "remember_created_at" timestamp[0m
  [1m[35m (4.2ms)[0m  ALTER TABLE "users" ADD COLUMN "sign_in_count" integer DEFAULT 0 NOT NULL
  [1m[36m (0.3ms)[0m  [1mALTER TABLE "users" ADD COLUMN "current_sign_in_at" timestamp[0m
  [1m[35m (0.2ms)[0m  ALTER TABLE "users" ADD COLUMN "last_sign_in_at" timestamp
  [1m[36m (0.2ms)[0m  [1mALTER TABLE "users" ADD COLUMN "current_sign_in_ip" character varying(255)[0m
  [1m[35m (0.2ms)[0m  ALTER TABLE "users" ADD COLUMN "last_sign_in_ip" character varying(255)
  [1m[36m (16.7ms)[0m  [1mALTER TABLE "users" ADD COLUMN "name" character varying(255)[0m
PG::DuplicateColumn: ERROR:  column "name" of relation "users" already exists
: ALTER TABLE "users" ADD COLUMN "name" character varying(255)
  [1m[35m (0.1ms)[0m  ROLLBACK
Connecting to database specified by database.yml
  [1m[36m (2.9ms)[0m  [1mCREATE TABLE "schema_migrations" ("version" character varying(255) NOT NULL) [0m
  [1m[35m (1.6ms)[0m  CREATE UNIQUE INDEX "unique_schema_migrations" ON "schema_migrations" ("version")
  [1m[36m (0.3ms)[0m  [1mSELECT "schema_migrations"."version" FROM "schema_migrations" [0m
Migrating to CreateUsersTable (20140113201536)
  [1m[35m (0.1ms)[0m  BEGIN
  [1m[36m (4.5ms)[0m  [1mCREATE TABLE "users" ("id" serial primary key, "name" character varying(255), "password" character varying(255), "age" integer, "location" character varying(255), "picture" character varying(255), "contact" character varying(255), "role" character varying(255), "created_at" timestamp NOT NULL, "updated_at" timestamp NOT NULL) [0m
  [1m[35m (0.4ms)[0m  INSERT INTO "schema_migrations" ("version") VALUES ('20140113201536')
  [1m[36m (0.5ms)[0m  [1mCOMMIT[0m
Migrating to AddDeviseToUsers (20140113204402)
  [1m[35m (0.1ms)[0m  BEGIN
  [1m[36m (5.1ms)[0m  [1mALTER TABLE "users" ADD COLUMN "email" character varying(255) DEFAULT '' NOT NULL[0m
  [1m[35m (3.8ms)[0m  ALTER TABLE "users" ADD COLUMN "encrypted_password" character varying(255) DEFAULT '' NOT NULL
  [1m[36m (0.3ms)[0m  [1mALTER TABLE "users" ADD COLUMN "reset_password_token" character varying(255)[0m
  [1m[35m (0.2ms)[0m  ALTER TABLE "users" ADD COLUMN "reset_password_sent_at" timestamp
  [1m[36m (0.2ms)[0m  [1mALTER TABLE "users" ADD COLUMN "remember_created_at" timestamp[0m
  [1m[35m (4.1ms)[0m  ALTER TABLE "users" ADD COLUMN "sign_in_count" integer DEFAULT 0 NOT NULL
  [1m[36m (0.3ms)[0m  [1mALTER TABLE "users" ADD COLUMN "current_sign_in_at" timestamp[0m
  [1m[35m (0.3ms)[0m  ALTER TABLE "users" ADD COLUMN "last_sign_in_at" timestamp
  [1m[36m (0.2ms)[0m  [1mALTER TABLE "users" ADD COLUMN "current_sign_in_ip" character varying(255)[0m
  [1m[35m (0.2ms)[0m  ALTER TABLE "users" ADD COLUMN "last_sign_in_ip" character varying(255)
  [1m[36m (1.4ms)[0m  [1mALTER TABLE "users" ADD COLUMN "name" character varying(255)[0m
PG::DuplicateColumn: ERROR:  column "name" of relation "users" already exists
: ALTER TABLE "users" ADD COLUMN "name" character varying(255)
  [1m[35m (0.1ms)[0m  ROLLBACK
Connecting to database specified by database.yml
Connecting to database specified by database.yml
Connecting to database specified by database.yml
Connecting to database specified by database.yml
  [1m[36m (3.0ms)[0m  [1mCREATE TABLE "schema_migrations" ("version" character varying(255) NOT NULL) [0m
  [1m[35m (1.6ms)[0m  CREATE UNIQUE INDEX "unique_schema_migrations" ON "schema_migrations" ("version")
  [1m[36m (0.3ms)[0m  [1mSELECT "schema_migrations"."version" FROM "schema_migrations" [0m
Migrating to DeviseCreateUsers (20140113204919)
  [1m[35m (0.1ms)[0m  BEGIN
  [1m[36m (6.1ms)[0m  [1mCREATE TABLE "users" ("id" serial primary key, "email" character varying(255) DEFAULT '' NOT NULL, "encrypted_password" character varying(255) DEFAULT '' NOT NULL, "reset_password_token" character varying(255), "reset_password_sent_at" timestamp, "remember_created_at" timestamp, "sign_in_count" integer DEFAULT 0 NOT NULL, "current_sign_in_at" timestamp, "last_sign_in_at" timestamp, "current_sign_in_ip" character varying(255), "last_sign_in_ip" character varying(255), "name" character varying(255), "age" integer, "location" character varying(255), "picture" character varying(255), "contact" character varying(255), "role" character varying(255), "created_at" timestamp NOT NULL, "updated_at" timestamp NOT NULL) [0m
  [1m[35m (1.0ms)[0m  CREATE UNIQUE INDEX "index_users_on_email" ON "users" ("email")
  [1m[36m (0.9ms)[0m  [1mCREATE UNIQUE INDEX "index_users_on_reset_password_token" ON "users" ("reset_password_token")[0m
  [1m[35m (0.3ms)[0m  INSERT INTO "schema_migrations" ("version") VALUES ('20140113204919')
  [1m[36m (0.5ms)[0m  [1mCOMMIT[0m
  [1m[35m (0.3ms)[0m  SELECT "schema_migrations"."version" FROM "schema_migrations" 
Connecting to database specified by database.yml


Started GET "/assets/rails.png" for 127.0.0.1 at 2014-01-13 15:51:16 -0500
Served asset /rails.png - 200 OK (4ms)
Connecting to database specified by database.yml


Started GET "/users" for 127.0.0.1 at 2014-01-13 15:53:38 -0500

ActionController::RoutingError (No route matches [GET] "/users"):
  actionpack (3.2.16) lib/action_dispatch/middleware/debug_exceptions.rb:21:in `call'
  actionpack (3.2.16) lib/action_dispatch/middleware/show_exceptions.rb:56:in `call'
  railties (3.2.16) lib/rails/rack/logger.rb:32:in `call_app'
  railties (3.2.16) lib/rails/rack/logger.rb:16:in `block in call'
  activesupport (3.2.16) lib/active_support/tagged_logging.rb:22:in `tagged'
  railties (3.2.16) lib/rails/rack/logger.rb:16:in `call'
  actionpack (3.2.16) lib/action_dispatch/middleware/request_id.rb:22:in `call'
  rack (1.4.5) lib/rack/methodoverride.rb:21:in `call'
  rack (1.4.5) lib/rack/runtime.rb:17:in `call'
  activesupport (3.2.16) lib/active_support/cache/strategy/local_cache.rb:72:in `call'
  rack (1.4.5) lib/rack/lock.rb:15:in `call'
  actionpack (3.2.16) lib/action_dispatch/middleware/static.rb:63:in `call'
  railties (3.2.16) lib/rails/engine.rb:484:in `call'
  railties (3.2.16) lib/rails/application.rb:231:in `call'
  rack (1.4.5) lib/rack/content_length.rb:14:in `call'
  railties (3.2.16) lib/rails/rack/log_tailer.rb:17:in `call'
  rack (1.4.5) lib/rack/handler/webrick.rb:59:in `service'
  /Users/Banana/.rvm/rubies/ruby-2.0.0-p247/lib/ruby/2.0.0/webrick/httpserver.rb:138:in `service'
  /Users/Banana/.rvm/rubies/ruby-2.0.0-p247/lib/ruby/2.0.0/webrick/httpserver.rb:94:in `run'
  /Users/Banana/.rvm/rubies/ruby-2.0.0-p247/lib/ruby/2.0.0/webrick/server.rb:295:in `block in start_thread'


  Rendered /Users/Banana/.rvm/gems/ruby-2.0.0-p247@wdi-block/gems/actionpack-3.2.16/lib/action_dispatch/middleware/templates/rescues/routing_error.erb within rescues/layout (1.8ms)
Connecting to database specified by database.yml


Started GET "/users/sign-in" for 127.0.0.1 at 2014-01-13 15:54:39 -0500

ActionController::RoutingError (No route matches [GET] "/users/sign-in"):
  actionpack (3.2.16) lib/action_dispatch/middleware/debug_exceptions.rb:21:in `call'
  actionpack (3.2.16) lib/action_dispatch/middleware/show_exceptions.rb:56:in `call'
  railties (3.2.16) lib/rails/rack/logger.rb:32:in `call_app'
  railties (3.2.16) lib/rails/rack/logger.rb:16:in `block in call'
  activesupport (3.2.16) lib/active_support/tagged_logging.rb:22:in `tagged'
  railties (3.2.16) lib/rails/rack/logger.rb:16:in `call'
  actionpack (3.2.16) lib/action_dispatch/middleware/request_id.rb:22:in `call'
  rack (1.4.5) lib/rack/methodoverride.rb:21:in `call'
  rack (1.4.5) lib/rack/runtime.rb:17:in `call'
  activesupport (3.2.16) lib/active_support/cache/strategy/local_cache.rb:72:in `call'
  rack (1.4.5) lib/rack/lock.rb:15:in `call'
  actionpack (3.2.16) lib/action_dispatch/middleware/static.rb:63:in `call'
  railties (3.2.16) lib/rails/engine.rb:484:in `call'
  railties (3.2.16) lib/rails/application.rb:231:in `call'
  rack (1.4.5) lib/rack/content_length.rb:14:in `call'
  railties (3.2.16) lib/rails/rack/log_tailer.rb:17:in `call'
  rack (1.4.5) lib/rack/handler/webrick.rb:59:in `service'
  /Users/Banana/.rvm/rubies/ruby-2.0.0-p247/lib/ruby/2.0.0/webrick/httpserver.rb:138:in `service'
  /Users/Banana/.rvm/rubies/ruby-2.0.0-p247/lib/ruby/2.0.0/webrick/httpserver.rb:94:in `run'
  /Users/Banana/.rvm/rubies/ruby-2.0.0-p247/lib/ruby/2.0.0/webrick/server.rb:295:in `block in start_thread'


  Rendered /Users/Banana/.rvm/gems/ruby-2.0.0-p247@wdi-block/gems/actionpack-3.2.16/lib/action_dispatch/middleware/templates/rescues/routing_error.erb within rescues/layout (0.6ms)


Started GET "/users/sign_in" for 127.0.0.1 at 2014-01-13 15:54:45 -0500
Processing by Devise::SessionsController#new as HTML
  Rendered devise/shared/_links.erb (1.4ms)
  Rendered devise/sessions/new.html.erb within layouts/application (333.1ms)
Compiled application.css  (0ms)  (pid 85126)
Compiled jquery.js  (4ms)  (pid 85126)
Compiled jquery_ujs.js  (0ms)  (pid 85126)
Compiled application.js  (67ms)  (pid 85126)
Completed 200 OK in 478.9ms (Views: 445.5ms | ActiveRecord: 7.6ms)


Started GET "/assets/application.css?body=1" for 127.0.0.1 at 2014-01-13 15:54:45 -0500
Served asset /application.css - 304 Not Modified (1ms)


Started GET "/assets/jquery.js?body=1" for 127.0.0.1 at 2014-01-13 15:54:45 -0500
Served asset /jquery.js - 304 Not Modified (26ms)


Started GET "/assets/jquery_ujs.js?body=1" for 127.0.0.1 at 2014-01-13 15:54:45 -0500
Served asset /jquery_ujs.js - 304 Not Modified (2ms)


Started GET "/assets/application.js?body=1" for 127.0.0.1 at 2014-01-13 15:54:45 -0500
Served asset /application.js - 304 Not Modified (2ms)


Started GET "/users/sign_in" for 127.0.0.1 at 2014-01-13 16:00:20 -0500
Processing by Devise::SessionsController#new as HTML
  Rendered devise/shared/_links.erb (0.3ms)
  Rendered devise/sessions/new.html.erb within layouts/application (3.1ms)
Completed 200 OK in 7.6ms (Views: 7.0ms | ActiveRecord: 0.0ms)


Started GET "/assets/application.css?body=1" for 127.0.0.1 at 2014-01-13 16:00:20 -0500
Served asset /application.css - 304 Not Modified (0ms)


Started GET "/assets/jquery.js?body=1" for 127.0.0.1 at 2014-01-13 16:00:20 -0500
Served asset /jquery.js - 304 Not Modified (0ms)


Started GET "/assets/jquery_ujs.js?body=1" for 127.0.0.1 at 2014-01-13 16:00:20 -0500
Served asset /jquery_ujs.js - 304 Not Modified (0ms)


Started GET "/assets/application.js?body=1" for 127.0.0.1 at 2014-01-13 16:00:20 -0500
Served asset /application.js - 304 Not Modified (0ms)
Connecting to database specified by database.yml


Started GET "/users/sign_in" for 127.0.0.1 at 2014-01-13 16:00:37 -0500
Processing by Devise::SessionsController#new as HTML
  Rendered devise/shared/_links.erb (1.2ms)
  Rendered devise/sessions/new.html.erb within layouts/application (222.4ms)
Completed 200 OK in 265.0ms (Views: 235.6ms | ActiveRecord: 6.8ms)


Started GET "/assets/application.css?body=1" for 127.0.0.1 at 2014-01-13 16:00:38 -0500
Served asset /application.css - 304 Not Modified (1ms)


Started GET "/assets/jquery.js?body=1" for 127.0.0.1 at 2014-01-13 16:00:38 -0500
Served asset /jquery.js - 304 Not Modified (1ms)


Started GET "/assets/jquery_ujs.js?body=1" for 127.0.0.1 at 2014-01-13 16:00:38 -0500
Served asset /jquery_ujs.js - 304 Not Modified (1ms)


Started GET "/assets/application.js?body=1" for 127.0.0.1 at 2014-01-13 16:00:38 -0500
Served asset /application.js - 304 Not Modified (3ms)
Connecting to database specified by database.yml


Started GET "/users/sign_in" for 127.0.0.1 at 2014-01-13 16:01:40 -0500
Processing by Devise::SessionsController#new as HTML
  Rendered devise/shared/_links.erb (1.4ms)
  Rendered devise/sessions/new.html.erb within layouts/application (207.6ms)
Completed 200 OK in 314.0ms (Views: 253.3ms | ActiveRecord: 7.1ms)


Started GET "/assets/application.js?body=1" for 127.0.0.1 at 2014-01-13 16:01:40 -0500
Served asset /application.js - 304 Not Modified (2ms)


Started GET "/assets/application.css?body=1" for 127.0.0.1 at 2014-01-13 16:01:40 -0500
Served asset /application.css - 304 Not Modified (1ms)


Started GET "/assets/jquery_ujs.js?body=1" for 127.0.0.1 at 2014-01-13 16:01:40 -0500
Served asset /jquery_ujs.js - 304 Not Modified (1ms)


Started GET "/assets/jquery.js?body=1" for 127.0.0.1 at 2014-01-13 16:01:40 -0500
Served asset /jquery.js - 304 Not Modified (1ms)


Started GET "/users/sign_up" for 127.0.0.1 at 2014-01-13 16:01:47 -0500
Processing by Devise::RegistrationsController#new as HTML
  Rendered devise/shared/_links.erb (0.4ms)
  Rendered devise/registrations/new.html.erb within layouts/application (9.9ms)
Completed 200 OK in 13.7ms (Views: 13.0ms | ActiveRecord: 0.0ms)


Started GET "/assets/jquery_ujs.js?body=1" for 127.0.0.1 at 2014-01-13 16:01:47 -0500
Served asset /jquery_ujs.js - 304 Not Modified (0ms)


Started GET "/assets/jquery.js?body=1" for 127.0.0.1 at 2014-01-13 16:01:47 -0500
Served asset /jquery.js - 304 Not Modified (0ms)


Started GET "/assets/application.css?body=1" for 127.0.0.1 at 2014-01-13 16:01:47 -0500
Served asset /application.css - 304 Not Modified (0ms)


Started GET "/assets/application.js?body=1" for 127.0.0.1 at 2014-01-13 16:01:47 -0500
Served asset /application.js - 304 Not Modified (0ms)
Connecting to database specified by database.yml
Connecting to database specified by database.yml
Connecting to database specified by database.yml
  [1m[36m (0.3ms)[0m  [1mSELECT "schema_migrations"."version" FROM "schema_migrations" [0m
Migrating to DeviseCreateUsers (20140113204919)
Migrating to CreateActivities (20140113224648)
  [1m[35m (0.1ms)[0m  BEGIN
  [1m[36m (6.1ms)[0m  [1mCREATE TABLE "activities" ("id" serial primary key, "name" character varying(255), "participants" integer, "duration" integer, "created_at" timestamp NOT NULL, "updated_at" timestamp NOT NULL) [0m
  [1m[35m (0.3ms)[0m  INSERT INTO "schema_migrations" ("version") VALUES ('20140113224648')
  [1m[36m (0.9ms)[0m  [1mCOMMIT[0m
Migrating to CreateFavorites (20140113224727)
  [1m[35m (0.2ms)[0m  BEGIN
  [1m[36m (3.4ms)[0m  [1mCREATE TABLE "favorites" ("id" serial primary key, "user_id" integer, "activity_id" integer, "created_at" timestamp NOT NULL, "updated_at" timestamp NOT NULL) [0m
  [1m[35m (0.2ms)[0m  INSERT INTO "schema_migrations" ("version") VALUES ('20140113224727')
  [1m[36m (0.4ms)[0m  [1mCOMMIT[0m
  [1m[35m (0.2ms)[0m  SELECT "schema_migrations"."version" FROM "schema_migrations" 
